1642681560433:sa
1642682636625:ыф
1642682638245:sa
1642682640639:aa
1642682667885:sa
1642684035279:EXIT
1642684038968:exit
1642684086729:sa
1642684453932:aa
1642684463295:sa
1642684486742:aa
1642684565196:stacktrace
1642685975777:sa
1642685988356:aa
1642686006661:ыф
1642686008691:sa
1642686111381:aa
1642686186890:sa
1642686320273:aa
1642686407338:sa
1642686414712:aa
1642686424338:sa
1642688435135:1
1642688442013:sa
1642688965919:1
1642688967328:sa
1642689018828:aa
1642689039438:ыф
1642689041683:sa
1642690523982:ra
1642690528039:ua
1642690623086:ra
1642690632445:quit
1642694342823:ra
1642694345542:ua
1642694401213:stacktrace
1642694417644:ra
1642694421452:ua
1642694436942:stacktrace
1642694850867:ua
1642694878106:ra
1642694886854:exit
1642695517420:ra
1642695520010:ua
1642695865301:ra
1642695872416:ua
1642695965100:кф
1642695967129:ra
1642695970977:ua
1642696088658:ra
1642696092062:ua
1642696212844:кф
1642696215015:ra
1642696218541:ua
1642696225016:2
1642696227749:ua
1642696243495:ra
1642696258870:ua
1642696283110:кф
1642696285133:ra
1642696305472:ua
1642696317050:ra
1642696326934:ua
1642696337122:ra
1642701956149:ua
1642701969490:кф
1642701972254:ra
1642701980490:ua
1642701998232:кф
1642702000553:ra
1642702111788:ua
1642702253101:кф
1642702255062:ra
1642702258645:2
1642702264503:ua
1642702287095:кф
1642702288991:ra
1642705269474:ca
1642705304012:ra
1642705318921:exit
1642705950813:da
1642705974378:ra
1642706009973:da
1642706055005:ыефслекфсу
1642706063492:da
1642706101278:stacktrace
1642706366286:кф
1642706368263:ra
1642706373124:da
1642706394853:ra
1642706399180:da
1642706447092:ra
1642708741060:da
1642709425974:ua
1642709633137:гф
1642709635203:ua
1642709643388:ra
1642709648849:da
1642709758791:гф
1642709760692:ua
1642709820282:da
1642709833337:ra
1642709836272:da
1642710979655:rg
1642711195593:dg
1642711224807:cg
1642711237913:кп
1642711240632:rg
1642711254738:dg
1642711276072:ug
1642711295956:rg
1642711300572:ug
1642711346701:rg
1642711353007:exit
1642747459936:ua
1642747873534:вф
1642747875212:da
1642747922594:ra
1642748473897:gu
1642748476356:ug
1642748486376:exit
1642748591452:gr
1642748594170:rg
1642748600033:gd
1642748602595:dg
1642748674823:rg
1642748681402:cg
1642748694196:пс
1642748698184:gr
1642748700241:rg
1642748709283:exit
1642749513195:rb
1642752510106:-----------------------------------------------
1642752510116:ИД:                 4
1642752510121:Автор:              Ф.П.Герберт
1642752510121:Название:           Дюна
1642752510131:Жанр(ы):            Зарубежная фантастика, Космическая фантастика
1642752510136:Краткое содержание:
1642752510146:Действие «Дюны» происходит в далеком будущем – через 20 тысяч лет от условно нашего времени....
1642752512541:----------------------------------------------------------------------------------------------
1642752512546:ИД:                 4
1642752512546:Автор:              Ф.П.Герберт
1642752512551:Название:           Дюна
1642752512556:Жанр(ы):            Зарубежная фантастика, Космическая фантастика
1642752512556:Краткое содержание:
1642752512561:Действие «Дюны» происходит в далеком будущем – через 20 тысяч лет от условно нашего времени....
1642752518630:-----------------------------------------------exit
1642752524830:exit
1642752686976:rb
1642754409425:ви
1642754411284:db
1642754424434:rb
1642754440881:db
1642754500188:rg
1642754512346:dg
1642754536936:rg
1642754547038:exit
1642754602666:db
1642754628585:rb
1642754631416:rg
1642754656711:db
1642754680311:rb
1642754721513:ra
1642754726756:da
1642754748664:ra
1642754751072:da
1642754787096:dg
1642754810666:rg
1642754814257:dg
1642754825710:7
1642754830822:dg
1642754878665:dr
1642754881177:rd
1642754883179:rg
1642754887042:ra
1642754890119:rb
1642756171881:cb
1642756196078:rb
1642756227458:exit
1642760305007:cb
1642761460039:br
1642761461813:rb
1642761468549:ba
1642761471688:bc
1642761474480:cb
1642761662936:exit
1642761752499:cb
1642761793615:rb
1642761805485:cb
1642762149997:rb
1642762158086:exit
1642772669395:db
1642773322954:help
1642773349054:ub
1642773680233:cb
1642773698813:rb
1642775032587:ub
1642777344844:rb
1642778154351:ub
1642778256096:rb
1642778273009:ub
1642778366759:rb
1642778497047:ги
1642778500153:ub
1642778803648:ги
1642778805401:ub
1642778932454:rb
1642778961015:db
1642778969601:ub
1642779062901:rb
1642835017735:cb
1642835261784:ub
1642835494969:cb
1642835596990:stacktrace
1642835806174:cb
1642835860844:stacktrace
1642836242002:cb
1642836262698:rb
1642836490549:cb
1642836588488:CB
1642836593629:cb
1642836816936:stacktrace
1642837313839:cb
1642837620855:rb
1642837786044:cb
1642840462428:systemtrace
1642840467648:stacktrace
1642840475905:help
1642840490575:exit
1642842159477:cb
1642842259051:rb
1642842272946:cb
1642842587933:rb
1642842593122:db
1642842601079:rb
1642843061038:cb
1642843173375:db
1642843303611:cb
1642860143080:exit
1642860306634:1
1642860311259:cb
1642860593739:1
1642860596009:cb
1642863481962:exit
1642863556164:cb
1642864455446:rb
1642864461524:db
1642865956823:cb
1642953356569:au
1642953359303:ua
1642959785487:da
1642959969625:ua
1642960118752:wddw
1642960121815:ua
1642960523053:da
1642960835374:ua
1643005754776:da
1643024405089:ca
1643025569819:exit
1643025629020:ra
1643025631574:rb
1643025684551:cb
1643028319503:rb
1643028322969:cb
1643042816633:rb
1643042848721:db
1643042880876:rb
1643042886662:da
1643042910959:sa
1643042915234:ub
1643055554354:rbi
1643055573239:2
1643055577603:rbi
1643055623042:1
1643055626534:rbi
1643055652053:exit
1643055751449:rbi
1643055767428:ra
1643055779414:da
1643055800319:ra
1643055805237:rg
1643055809438:dg
1643055834062:rb
1643056015765:cb
1643102106757:ca
1643102366003:cg
1643212476470:ra
1643212481474:help
1643212506540:rbi
1643212893081:rai
1643263022023:си
1643263023801:cb
1643263142560:exit
1643263166017:cb
1643265228837:db
1643265270091:cb
1643290355234:dg
1643290400567:ug
1643290427967:rbi
1643290438354:rgi
1643290453622:rai
1643297169956:ub
1643297237713:rb
1643314292328:cb
1643314318157:rb
1643314324287:rbi
1643314339189:exit
1643315122157:рудз
1643315124482:help
