1644429459429:ra
1644429465978:ca
1644429471754:ra
1644429474153:da
1644429479823:ra
1644429482812:da
1644429497826:rai
1644429521606:exit
1644429595345:rc
1644429627348:ra
1644429638391:rai
1644429644520:rc
1644429683761:rb
1644429728558:rbi
1644430198489:rb
1644432217591:rbi
1644432274010:rb
1644432280230:rbi
1644432400787:rb
1644432402828:ra
1644432408694:da
1644434080065:rc
1644434102857:rb
1644434121373:rci
1644434214017:rc
1644436520035:ra
1644436524495:rai
1644436539439:ca
1644436549088:ua
1644436597711:da
1644436619363:rg
1644436622574:rgi
1644436625535:cg
1644436629950:dg
1644436635922:ug
1644436642575:rg
1644436656309:rb
1644436662951:rbi
1644436704423:cb
1644436731916:rbi
1644436746896:cc
1644436761262:rbi
1644436774964:ub
1644436818696:rbi
1644436823839:db
1644436876126:cc
1644436883311:rc
1644436985570:cc
1644436995646:rc
1644437039821:rbi
1644437060071:uc
1644437069237:rc
1644437160902:uc
1644437168197:rc
1644437176218:exit
