1641997377929:help
1641997406664:1
1641997419188:test 6te66dggb
1641997427395:test-6te66dggb
1641997438291:test 6te66dggb
1641997447211:test-6te66dggb
1641997455418:--test-6te66dggb
1641999030595:1
1642103957590:sq
1642103991251:r
1642104018269:ый
1642104021559:sq
1642104150074:help
1642104456902:sq
1642104479101:r
1642104624572:sq
1642105568688:r
1642105597188:sq
1642105682578:1
1642105685035:st
1642105692288:r
1642105703464:st
1642105709752:1
1642105713152:exit
1642175559320:1
1642175562753:рудз
1642175565913:help
1642175573311:sq
1642175580180:r
1642175601517:sq
1642175634568:exit
